2024-05-08 21:11:37 INFO Iniciou o programa
2024-05-08 21:20:21 INFO Iniciou o programa
2024-05-08 21:20:43 INFO Iniciou consulta
2024-05-08 21:20:43 INFO Link para consulta 'https://www.youtube.com/watch?v=ZUqGMDppEDs
2024-05-08 21:21:03 INFO Fechou o programa
2024-05-08 21:24:08 INFO Iniciou o programa
2024-05-08 21:24:13 INFO Iniciou consulta
2024-05-08 21:24:13 INFO Link para consulta 'https://www.youtube.com/watch?v=ZUqGMDppEDs'
2024-05-08 21:24:16 INFO Consulta finalizada
2024-05-08 21:24:25 INFO Iniciou download
2024-05-08 21:24:25 INFO Link para download 'https://www.youtube.com/watch?v=ZUqGMDppEDs'
2024-05-08 21:24:38 INFO Finalizou download
2024-05-08 21:25:10 INFO Fechou o programa
2024-05-08 21:38:48 INFO Iniciou o programa
2024-05-08 21:39:03 INFO Iniciou consulta
2024-05-08 21:39:03 INFO Link para consulta 'https://youtu.be/NI9LXzo0UY0'
2024-05-08 21:39:05 ERROR Erro na consulta 'NI9LXzo0UY0 is age restricted, and can't be accessed without logging in.'
2024-05-08 21:39:26 INFO Iniciou consulta
2024-05-08 21:39:26 INFO Link para consulta 'https://www.youtube.com/watch?v=SE5O7s0TLvI'
2024-05-08 21:39:29 INFO Consulta finalizada
2024-05-08 21:39:43 INFO Iniciou download
2024-05-08 21:39:43 INFO Link para download 'https://www.youtube.com/watch?v=SE5O7s0TLvI'
2024-05-08 21:40:08 INFO Finalizou download
2024-05-08 21:42:20 INFO Fechou o programa
2024-05-08 21:43:51 INFO Iniciou o programa
2024-05-08 21:43:58 INFO Iniciou download
2024-05-08 21:43:58 INFO Link para download 'https://www.youtube.com/watch?v=SE5O7s0TLvI'
2024-05-08 21:44:01 INFO Finalizou download
2024-05-08 21:44:10 INFO Fechou o programa
2024-05-08 21:45:24 INFO Iniciou o programa
2024-05-08 21:45:29 INFO Iniciou download
2024-05-08 21:45:29 INFO Link para download 'https://www.youtube.com/watch?v=SE5O7s0TLvI'
2024-05-08 21:45:31 INFO Finalizou download
2024-05-08 21:45:35 INFO Fechou o programa
2024-05-08 21:49:54 INFO Iniciou o programa
2024-05-08 21:50:32 INFO Iniciou consulta
2024-05-08 21:50:32 INFO Link para consulta 'https://www.youtube.com/shorts/Bt0QRXYzlNM?feature=share'
2024-05-08 21:50:34 INFO Consulta finalizada
2024-05-08 21:50:37 INFO Iniciou download
2024-05-08 21:50:37 INFO Link para download 'https://www.youtube.com/shorts/Bt0QRXYzlNM?feature=share'
2024-05-08 21:50:42 INFO Finalizou download
2024-05-08 21:50:49 INFO Fechou o programa
2024-05-08 21:54:53 INFO Iniciou o programa
2024-05-08 21:55:06 INFO Iniciou download
2024-05-08 21:55:06 INFO Link para download 'https://www.youtube.com/shorts/Bt0QRXYzlNM?feature=share'
2024-05-08 21:55:10 INFO Baixando 100
2024-05-08 21:55:10 INFO Finalizou download
2024-05-08 21:55:21 INFO Fechou o programa
2024-05-08 21:55:38 INFO Iniciou o programa
2024-05-08 21:56:07 INFO Iniciou download
2024-05-08 21:56:07 INFO Link para download 'https://www.youtube.com/watch?v=SE5O7s0TLvI'
2024-05-08 21:56:11 INFO Baixando 3%
2024-05-08 21:56:12 INFO Baixando 6%
2024-05-08 21:56:12 INFO Baixando 9%
2024-05-08 21:56:13 INFO Baixando 12%
2024-05-08 21:56:13 INFO Baixando 15%
2024-05-08 21:56:14 INFO Baixando 18%
2024-05-08 21:56:14 INFO Baixando 21%
2024-05-08 21:56:15 INFO Baixando 24%
2024-05-08 21:56:15 INFO Baixando 28%
2024-05-08 21:56:16 INFO Baixando 31%
2024-05-08 21:56:17 INFO Baixando 34%
2024-05-08 21:56:17 INFO Baixando 37%
2024-05-08 21:56:18 INFO Baixando 40%
2024-05-08 21:56:18 INFO Baixando 43%
2024-05-08 21:56:19 INFO Baixando 46%
2024-05-08 21:56:19 INFO Baixando 49%
2024-05-08 21:56:20 INFO Baixando 52%
2024-05-08 21:56:20 INFO Baixando 56%
2024-05-08 21:56:21 INFO Baixando 59%
2024-05-08 21:56:21 INFO Baixando 62%
2024-05-08 21:56:22 INFO Baixando 65%
2024-05-08 21:56:22 INFO Baixando 68%
2024-05-08 21:56:23 INFO Baixando 71%
2024-05-08 21:56:24 INFO Baixando 74%
2024-05-08 21:56:24 INFO Baixando 77%
2024-05-08 21:56:25 INFO Baixando 80%
2024-05-08 21:56:29 INFO Baixando 84%
2024-05-08 21:56:29 INFO Baixando 87%
2024-05-08 21:56:30 INFO Baixando 90%
2024-05-08 21:56:31 INFO Baixando 93%
2024-05-08 21:56:32 INFO Baixando 96%
2024-05-08 21:56:32 INFO Baixando 99%
2024-05-08 21:56:32 INFO Baixando 100%
2024-05-08 21:56:32 INFO Finalizou download
2024-05-08 21:56:38 INFO Fechou o programa
2024-05-08 22:18:43 INFO Iniciou o programa
2024-05-08 22:18:46 INFO Fechou o programa
2024-05-08 22:18:58 INFO Iniciou o programa
2024-05-08 22:19:02 INFO Fechou o programa
2024-05-08 22:19:36 INFO Iniciou o programa
2024-05-08 22:19:41 INFO Fechou o programa
2024-05-08 22:19:44 INFO Iniciou o programa
2024-05-08 22:19:57 INFO Fechou o programa
2024-05-08 22:20:12 INFO Iniciou o programa
2024-05-08 22:20:16 INFO Fechou o programa
2024-05-08 22:20:29 INFO Iniciou o programa
2024-05-08 22:20:33 INFO Fechou o programa
2024-05-08 22:21:09 INFO Iniciou o programa
2024-05-08 22:21:12 INFO Fechou o programa
2024-05-08 22:21:21 INFO Iniciou o programa
2024-05-08 22:21:42 INFO Fechou o programa
2024-05-08 22:22:27 INFO Iniciou o programa
2024-05-08 22:22:29 INFO Fechou o programa
2024-05-08 22:22:34 INFO Iniciou o programa
2024-05-08 22:22:38 INFO Fechou o programa
2024-05-08 22:22:46 INFO Iniciou o programa
2024-05-08 22:23:09 INFO Fechou o programa
2024-05-08 22:24:09 INFO Iniciou o programa
2024-05-08 22:24:47 INFO Abriu a busca do caminho para salvar
2024-05-08 22:25:07 INFO Caminho escolhido '/home/marcusvinicius'
2024-05-08 22:25:14 INFO Iniciou consulta
2024-05-08 22:25:14 INFO Link para consulta 'https://www.youtube.com/watch?v=SE5O7s0TLvI'
2024-05-08 22:25:17 INFO Consulta finalizada
2024-05-08 22:25:29 INFO Iniciou download
2024-05-08 22:25:29 INFO Link para download 'https://www.youtube.com/watch?v=SE5O7s0TLvI'
2024-05-08 22:25:33 INFO Baixando 3%
2024-05-08 22:25:34 INFO Baixando 6%
2024-05-08 22:25:34 INFO Baixando 9%
2024-05-08 22:25:35 INFO Baixando 12%
2024-05-08 22:25:36 INFO Baixando 15%
2024-05-08 22:25:36 INFO Baixando 18%
2024-05-08 22:25:37 INFO Baixando 21%
2024-05-08 22:25:38 INFO Baixando 24%
2024-05-08 22:25:38 INFO Baixando 28%
2024-05-08 22:25:39 INFO Baixando 31%
2024-05-08 22:25:39 INFO Baixando 34%
2024-05-08 22:25:40 INFO Baixando 37%
2024-05-08 22:25:41 INFO Baixando 40%
2024-05-08 22:25:41 INFO Baixando 43%
2024-05-08 22:25:42 INFO Baixando 46%
2024-05-08 22:25:42 INFO Baixando 49%
2024-05-08 22:25:43 INFO Baixando 52%
2024-05-08 22:25:44 INFO Baixando 56%
2024-05-08 22:25:45 INFO Baixando 59%
2024-05-08 22:25:45 INFO Baixando 62%
2024-05-08 22:25:46 INFO Baixando 65%
2024-05-08 22:25:46 INFO Baixando 68%
2024-05-08 22:25:47 INFO Baixando 71%
2024-05-08 22:25:48 INFO Baixando 74%
2024-05-08 22:25:48 INFO Baixando 77%
2024-05-08 22:25:49 INFO Baixando 80%
2024-05-08 22:25:49 INFO Baixando 84%
2024-05-08 22:25:50 INFO Baixando 87%
2024-05-08 22:25:51 INFO Baixando 90%
2024-05-08 22:25:51 INFO Baixando 93%
2024-05-08 22:25:52 INFO Baixando 96%
2024-05-08 22:25:53 INFO Baixando 99%
2024-05-08 22:25:53 INFO Baixando 100%
2024-05-08 22:25:53 INFO Finalizou download
2024-05-08 22:25:59 INFO Fechou o programa
